e:\myc++\myqt\machinelearning\aialogrithm\x64\debug\vc120.pdb
e:\myc++\myqt\machinelearning\aialogrithm\x64\debug\tsp.obj
e:\myc++\myqt\machinelearning\aialogrithm\x64\debug\t.obj
e:\myc++\myqt\machinelearning\aialogrithm\x64\debug\methods.obj
e:\myc++\myqt\machinelearning\aialogrithm\x64\debug\cityinfo.obj
e:\myc++\myqt\machinelearning\aialogrithm\x64\debug\main.obj
e:\myc++\myqt\machinelearning\aialogrithm\x64\debug\moc_citysetting.obj
e:\myc++\myqt\machinelearning\aialogrithm\x64\debug\moc_aialogrithm.obj
e:\myc++\myqt\machinelearning\aialogrithm\x64\debug\moc_acosetting.obj
e:\myc++\myqt\machinelearning\aialogrithm\x64\debug\config.obj
e:\myc++\myqt\machinelearning\aialogrithm\x64\debug\citysetting.obj
e:\myc++\myqt\machinelearning\aialogrithm\x64\debug\antsalgorithm.obj
e:\myc++\myqt\machinelearning\aialogrithm\x64\debug\antcityinfo.obj
e:\myc++\myqt\machinelearning\aialogrithm\x64\debug\ant.obj
e:\myc++\myqt\machinelearning\aialogrithm\x64\debug\algorithmtsp.obj
e:\myc++\myqt\machinelearning\aialogrithm\x64\debug\aialogrithm.obj
e:\myc++\myqt\machinelearning\aialogrithm\x64\debug\qrc_aialogrithm.obj
e:\myc++\myqt\machinelearning\aialogrithm\x64\debug\acosetting.obj
e:\myc++\myqt\machinelearning\aialogrithm\generatedfiles\qrc_aialogrithm.cpp
e:\myc++\myqt\machinelearning\aialogrithm\generatedfiles\ui_citysetting.h
e:\myc++\myqt\machinelearning\aialogrithm\generatedfiles\debug\moc_citysetting.cpp
e:\myc++\myqt\machinelearning\aialogrithm\generatedfiles\ui_acosetting.h
e:\myc++\myqt\machinelearning\aialogrithm\generatedfiles\ui_aialogrithm.h
e:\myc++\myqt\machinelearning\aialogrithm\generatedfiles\debug\moc_acosetting.cpp
e:\myc++\myqt\machinelearning\aialogrithm\generatedfiles\debug\moc_aialogrithm.cpp
e:\myc++\myqt\machinelearning\x64\debug\aialogrithm.pdb
e:\myc++\myqt\machinelearning\aialogrithm\x64\debug\aialogrithm.tlog\cl.command.1.tlog
e:\myc++\myqt\machinelearning\aialogrithm\x64\debug\aialogrithm.tlog\cl.read.1.tlog
e:\myc++\myqt\machinelearning\aialogrithm\x64\debug\aialogrithm.tlog\cl.write.1.tlog
e:\myc++\myqt\machinelearning\aialogrithm\x64\debug\aialogrithm.tlog\custombuild.command.1.tlog
e:\myc++\myqt\machinelearning\aialogrithm\x64\debug\aialogrithm.tlog\custombuild.read.1.tlog
e:\myc++\myqt\machinelearning\aialogrithm\x64\debug\aialogrithm.tlog\custombuild.write.1.tlog
e:\myc++\myqt\machinelearning\aialogrithm\x64\debug\aialogrithm.tlog\link-cvtres.read.1.tlog
e:\myc++\myqt\machinelearning\aialogrithm\x64\debug\aialogrithm.tlog\link-cvtres.write.1.tlog
e:\myc++\myqt\machinelearning\aialogrithm\x64\debug\aialogrithm.tlog\link-rc.read.1.tlog
e:\myc++\myqt\machinelearning\aialogrithm\x64\debug\aialogrithm.tlog\link-rc.write.1.tlog
e:\myc++\myqt\machinelearning\aialogrithm\x64\debug\aialogrithm.tlog\link.804-cvtres.read.1.tlog
e:\myc++\myqt\machinelearning\aialogrithm\x64\debug\aialogrithm.tlog\link.804-cvtres.write.1.tlog
e:\myc++\myqt\machinelearning\aialogrithm\x64\debug\aialogrithm.tlog\link.804-rc.read.1.tlog
e:\myc++\myqt\machinelearning\aialogrithm\x64\debug\aialogrithm.tlog\link.804-rc.write.1.tlog
e:\myc++\myqt\machinelearning\aialogrithm\x64\debug\aialogrithm.tlog\link.804.read.1.tlog
e:\myc++\myqt\machinelearning\aialogrithm\x64\debug\aialogrithm.tlog\link.804.write.1.tlog
e:\myc++\myqt\machinelearning\aialogrithm\x64\debug\aialogrithm.tlog\link.command.1.tlog
e:\myc++\myqt\machinelearning\aialogrithm\x64\debug\aialogrithm.tlog\link.read.1.tlog
e:\myc++\myqt\machinelearning\aialogrithm\x64\debug\aialogrithm.tlog\link.write.1.tlog
